<?xml version="1.0" encoding="UTF-8"?>
<!-- Generated by org.testng.reporters.JUnitReportReporter -->
<testsuite hostname="Suresh" failures="0" tests="1" name="com.testcase.Loginpage" time="15.292" errors="0" timestamp="2024-06-18T16:49:34 IST" skipped="0">
  <testcase classname="com.testcase.Loginpage" name="LoginTest" time="15.292"/>
  <system-out/>
</testsuite> <!-- com.testcase.Loginpage -->
